
=====================================================

Connecting...

= Connection Correct =

Catalogo => asignatario

=====================================================

Connecting...

Consulta Select

Execute => Correct

Execute => Array
(
    [0] => Array
        (
            [Asignatario] => Juan Garcia
        )

)


=====================================================

Connecting...

= Connection Correct =

Catalogo => clasificacion

=====================================================

Connecting...

Consulta Select

Execute => Correct

Execute => Array
(
    [0] => Array
        (
            [Clasificacion] => Maquina Principal
        )

    [1] => Array
        (
            [Clasificacion] => Maquina Secundaria
        )

    [2] => Array
        (
            [Clasificacion] => Maquina Terciaria
        )

    [3] => Array
        (
            [Clasificacion] => Monitor
        )

)


=====================================================

Connecting...

= Connection Correct =

Catalogo => marca

=====================================================

Connecting...

Consulta Select

Execute => Correct

Execute => Array
(
    [0] => Array
        (
            [Marca] => ACTEK
        )

)


=====================================================

Connecting...

= Connection Correct =

Catalogo => area

=====================================================

Connecting...

Consulta Select

Execute => Correct

Execute => Array
(
    [0] => Array
        (
            [Area] => Area1
        )

    [1] => Array
        (
            [Area] => Cajas
        )

)


=====================================================

Connecting...

= Connection Correct =

Catalogo => zona

=====================================================

Connecting...

Consulta Select

Execute => Correct

Execute => Array
(
    [0] => Array
        (
            [Zona] => Zona1
        )

    [1] => Array
        (
            [Zona] => Mexico
        )

    [2] => Array
        (
            [Zona] => Puebla
        )

)


=====================================================

Connecting...

= Connection Correct =

Catalogo => almacen

=====================================================

Connecting...

Consulta Select

Execute => Correct

Execute => Array
(
    [0] => Array
        (
            [Almacen] => Tizayuca
            [Cve Almacen] => 211
            [Zona] => Mexico
        )

    [1] => Array
        (
            [Almacen] => Progreso
            [Cve Almacen] => 213
            [Zona] => Mexico
        )

    [2] => Array
        (
            [Almacen] => R1
            [Cve Almacen] => 212
            [Zona] => Mexico
        )

    [3] => Array
        (
            [Almacen] => Actopan
            [Cve Almacen] => 214
            [Zona] => Mexico
        )

    [4] => Array
        (
            [Almacen] => Cuernavaca
            [Cve Almacen] => 215
            [Zona] => Mexico
        )

    [5] => Array
        (
            [Almacen] => Huichapan
            [Cve Almacen] => 217
            [Zona] => Mexico
        )

    [6] => Array
        (
            [Almacen] => Atizapan C&C 3
            [Cve Almacen] => 219
            [Zona] => Mexico
        )

    [7] => Array
        (
            [Almacen] => Valle Guadalupe
            [Cve Almacen] => 220
            [Zona] => Mexico
        )

    [8] => Array
        (
            [Almacen] => Chalco C&C
            [Cve Almacen] => 221
            [Zona] => Mexico
        )

    [9] => Array
        (
            [Almacen] => Tepatepec
            [Cve Almacen] => 222
            [Zona] => Mexico
        )

    [10] => Array
        (
            [Almacen] => Tulancingo
            [Cve Almacen] => 224
            [Zona] => Mexico
        )

    [11] => Array
        (
            [Almacen] => Matriz
            [Cve Almacen] => 225
            [Zona] => Mexico
        )

    [12] => Array
        (
            [Almacen] => Texcoco
            [Cve Almacen] => 226
            [Zona] => Mexico
        )

    [13] => Array
        (
            [Almacen] => Chalco 1
            [Cve Almacen] => 227
            [Zona] => Mexico
        )

    [14] => Array
        (
            [Almacen] => Sn Agustin
            [Cve Almacen] => 228
            [Zona] => Mexico
        )

)


=====================================================

Connecting...

= Connection Correct =

Catalogo => equipo

=====================================================

Connecting...

Consulta Select

Execute => Correct

Execute => Array
(
    [0] => Array
        (
            [fecha_registro] => 2024-04-22
            [Numero_Serie] => 123
            [modelo] => a
            [Clasificacion] => Monitor
            [Marca] => ACTEK
            [Area] => Cajas
            [Asignatario] => Juan Garcia
            [Almacen] => 211 Tizayuca
        )

)


=====================================================

Connecting...

= Connection Correct =

Catalogo => asignatario

=====================================================

Connecting...

Consulta Select

Execute => Correct

Execute => Array
(
    [0] => Array
        (
            [Asignatario] => Juan Garcia
        )

)


=====================================================

Connecting...

= Connection Correct =

Catalogo => clasificacion

=====================================================

Connecting...

Consulta Select

Execute => Correct

Execute => Array
(
    [0] => Array
        (
            [Clasificacion] => Maquina Principal
        )

    [1] => Array
        (
            [Clasificacion] => Maquina Secundaria
        )

    [2] => Array
        (
            [Clasificacion] => Maquina Terciaria
        )

    [3] => Array
        (
            [Clasificacion] => Monitor
        )

)


=====================================================

Connecting...

= Connection Correct =

Catalogo => marca

=====================================================

Connecting...

Consulta Select

Execute => Correct

Execute => Array
(
    [0] => Array
        (
            [Marca] => ACTEK
        )

)


=====================================================

Connecting...

= Connection Correct =

Catalogo => area

=====================================================

Connecting...

Consulta Select

Execute => Correct

Execute => Array
(
    [0] => Array
        (
            [Area] => Area1
        )

    [1] => Array
        (
            [Area] => Cajas
        )

)


=====================================================

Connecting...

= Connection Correct =

Catalogo => zona

=====================================================

Connecting...

Consulta Select

Execute => Correct

Execute => Array
(
    [0] => Array
        (
            [Zona] => Zona1
        )

    [1] => Array
        (
            [Zona] => Mexico
        )

    [2] => Array
        (
            [Zona] => Puebla
        )

)


=====================================================

Connecting...

= Connection Correct =

Catalogo => almacen

=====================================================

Connecting...

Consulta Select

Execute => Correct

Execute => Array
(
    [0] => Array
        (
            [Almacen] => Tizayuca
            [Cve Almacen] => 211
            [Zona] => Mexico
        )

    [1] => Array
        (
            [Almacen] => Progreso
            [Cve Almacen] => 213
            [Zona] => Mexico
        )

    [2] => Array
        (
            [Almacen] => R1
            [Cve Almacen] => 212
            [Zona] => Mexico
        )

    [3] => Array
        (
            [Almacen] => Actopan
            [Cve Almacen] => 214
            [Zona] => Mexico
        )

    [4] => Array
        (
            [Almacen] => Cuernavaca
            [Cve Almacen] => 215
            [Zona] => Mexico
        )

    [5] => Array
        (
            [Almacen] => Huichapan
            [Cve Almacen] => 217
            [Zona] => Mexico
        )

    [6] => Array
        (
            [Almacen] => Atizapan C&C 3
            [Cve Almacen] => 219
            [Zona] => Mexico
        )

    [7] => Array
        (
            [Almacen] => Valle Guadalupe
            [Cve Almacen] => 220
            [Zona] => Mexico
        )

    [8] => Array
        (
            [Almacen] => Chalco C&C
            [Cve Almacen] => 221
            [Zona] => Mexico
        )

    [9] => Array
        (
            [Almacen] => Tepatepec
            [Cve Almacen] => 222
            [Zona] => Mexico
        )

    [10] => Array
        (
            [Almacen] => Tulancingo
            [Cve Almacen] => 224
            [Zona] => Mexico
        )

    [11] => Array
        (
            [Almacen] => Matriz
            [Cve Almacen] => 225
            [Zona] => Mexico
        )

    [12] => Array
        (
            [Almacen] => Texcoco
            [Cve Almacen] => 226
            [Zona] => Mexico
        )

    [13] => Array
        (
            [Almacen] => Chalco 1
            [Cve Almacen] => 227
            [Zona] => Mexico
        )

    [14] => Array
        (
            [Almacen] => Sn Agustin
            [Cve Almacen] => 228
            [Zona] => Mexico
        )

)


=====================================================

Connecting...

= Connection Correct =

Catalogo => equipo

=====================================================

Connecting...

Consulta Select

Execute => Correct

Execute => Array
(
    [0] => Array
        (
            [fecha_registro] => 2024-04-22
            [Numero_Serie] => 123
            [modelo] => a
            [Clasificacion] => Monitor
            [Marca] => ACTEK
            [Area] => Cajas
            [Asignatario] => Juan Garcia
            [Almacen] => 211 Tizayuca
        )

)

