
=====================================================

Connecting...

= Connection Correct =

=====================================================

Connecting...

===================================

Consulta INSERT/UPDATE/DELETE

Execute => Correct

=====================================================

Connecting...

= Connection Correct =

Catalogo => clasificacion

=====================================================

Connecting...

Consulta Select

Execute => Correct

Execute => Array
(
    [0] => Array
        (
            [nombre] => Maquina Principal
        )

)


=====================================================

Connecting...

= Connection Correct =

Catalogo => equipo

=====================================================

Connecting...
Error en la consulta: SQLSTATE[42S22]: Column not found: 1054 Unknown column 'eq.num_serie' in 'field list'
Execute => Incorrect

=====================================================

Connecting...

= Connection Correct =

Catalogo => subequipo

=====================================================

Connecting...
Error en la consulta: SQLSTATE[42S22]: Column not found: 1054 Unknown column 'seq.num_serie' in 'field list'
Execute => Incorrect

=====================================================

Connecting...

= Connection Correct =

Catalogo => componente

=====================================================

Connecting...

Consulta Select

Execute => Correct

Execute => Array
(
)


=====================================================

Connecting...

= Connection Correct =

Catalogo => clasificacion

=====================================================

Connecting...

Consulta Select

Execute => Correct

Execute => Array
(
    [0] => Array
        (
            [nombre] => Maquina Principal
        )

)


=====================================================

Connecting...

= Connection Correct =

Catalogo => relacion

=====================================================

Connecting...

Consulta Select

Execute => Correct

Execute => Array
(
    [0] => Array
        (
            [nombre] => 
            [Sub Equipos] => 
            [componentes] => 
        )

)


=====================================================

Connecting...

= Connection Correct =

=====================================================

Connecting...

===================================

Consulta INSERT/UPDATE/DELETE

Execute => Correct

=====================================================

Connecting...

= Connection Correct =

Catalogo => componente

=====================================================

Connecting...

Consulta Select

Execute => Correct

Execute => Array
(
    [0] => Array
        (
            [nombre] => Componente 1
        )

)


=====================================================

Connecting...

= Connection Correct =

Catalogo => equipo

=====================================================

Connecting...
Error en la consulta: SQLSTATE[42S22]: Column not found: 1054 Unknown column 'eq.num_serie' in 'field list'
Execute => Incorrect

=====================================================

Connecting...

= Connection Correct =

Catalogo => subequipo

=====================================================

Connecting...
Error en la consulta: SQLSTATE[42S22]: Column not found: 1054 Unknown column 'seq.num_serie' in 'field list'
Execute => Incorrect

=====================================================

Connecting...

= Connection Correct =

Catalogo => componente

=====================================================

Connecting...

Consulta Select

Execute => Correct

Execute => Array
(
    [0] => Array
        (
            [nombre] => Componente 1
        )

)


=====================================================

Connecting...

= Connection Correct =

Catalogo => clasificacion

=====================================================

Connecting...

Consulta Select

Execute => Correct

Execute => Array
(
    [0] => Array
        (
            [nombre] => Maquina Principal
        )

)


=====================================================

Connecting...

= Connection Correct =

Catalogo => relacion

=====================================================

Connecting...

Consulta Select

Execute => Correct

Execute => Array
(
    [0] => Array
        (
            [nombre] => 
            [Sub Equipos] => 
            [componentes] => 
        )

)


=====================================================

Connecting...

= Connection Correct =

Catalogo => equipo

=====================================================

Connecting...
Error en la consulta: SQLSTATE[42S22]: Column not found: 1054 Unknown column 'eq.num_serie' in 'field list'
Execute => Incorrect

=====================================================

Connecting...

= Connection Correct =

Catalogo => subequipo

=====================================================

Connecting...
Error en la consulta: SQLSTATE[42S22]: Column not found: 1054 Unknown column 'seq.num_serie' in 'field list'
Execute => Incorrect

=====================================================

Connecting...

= Connection Correct =

Catalogo => componente

=====================================================

Connecting...

Consulta Select

Execute => Correct

Execute => Array
(
    [0] => Array
        (
            [nombre] => Componente 1
        )

)


=====================================================

Connecting...

= Connection Correct =

Catalogo => clasificacion

=====================================================

Connecting...

Consulta Select

Execute => Correct

Execute => Array
(
    [0] => Array
        (
            [nombre] => Maquina Principal
        )

)


=====================================================

Connecting...

= Connection Correct =

Catalogo => relacion

=====================================================

Connecting...

Consulta Select

Execute => Correct

Execute => Array
(
    [0] => Array
        (
            [nombre] => 
            [Sub Equipos] => 
            [componentes] => 
        )

)


=====================================================

Connecting...

= Connection Correct =

=====================================================

Connecting...

===================================

Consulta INSERT/UPDATE/DELETE

Execute => Correct

=====================================================

Connecting...

= Connection Correct =

Catalogo => equipo

=====================================================

Connecting...
Error en la consulta: SQLSTATE[42S22]: Column not found: 1054 Unknown column 'eq.num_serie' in 'field list'
Execute => Incorrect

=====================================================

Connecting...

= Connection Correct =

Catalogo => subequipo

=====================================================

Connecting...
Error en la consulta: SQLSTATE[42S22]: Column not found: 1054 Unknown column 'seq.num_serie' in 'field list'
Execute => Incorrect

=====================================================

Connecting...

= Connection Correct =

Catalogo => componente

=====================================================

Connecting...

Consulta Select

Execute => Correct

Execute => Array
(
    [0] => Array
        (
            [nombre] => Componente 1
        )

    [1] => Array
        (
            [nombre] => 
        )

)


=====================================================

Connecting...

= Connection Correct =

Catalogo => clasificacion

=====================================================

Connecting...

Consulta Select

Execute => Correct

Execute => Array
(
    [0] => Array
        (
            [nombre] => Maquina Principal
        )

)


=====================================================

Connecting...

= Connection Correct =

Catalogo => relacion

=====================================================

Connecting...

Consulta Select

Execute => Correct

Execute => Array
(
    [0] => Array
        (
            [nombre] => 
            [Sub Equipos] => 
            [componentes] => 
        )

)


=====================================================

Connecting...

= Connection Correct =

=====================================================

Connecting...

===================================

Consulta INSERT/UPDATE/DELETE

Execute => Correct

=====================================================

Connecting...

= Connection Correct =

Catalogo => equipo

=====================================================

Connecting...
Error en la consulta: SQLSTATE[42S22]: Column not found: 1054 Unknown column 'eq.num_serie' in 'field list'
Execute => Incorrect

=====================================================

Connecting...

= Connection Correct =

Catalogo => subequipo

=====================================================

Connecting...
Error en la consulta: SQLSTATE[42S22]: Column not found: 1054 Unknown column 'seq.num_serie' in 'field list'
Execute => Incorrect

=====================================================

Connecting...

= Connection Correct =

Catalogo => componente

=====================================================

Connecting...

Consulta Select

Execute => Correct

Execute => Array
(
    [0] => Array
        (
            [nombre] => Componente 1
        )

    [1] => Array
        (
            [nombre] => 
        )

    [2] => Array
        (
            [nombre] => 
        )

)


=====================================================

Connecting...

= Connection Correct =

Catalogo => clasificacion

=====================================================

Connecting...

Consulta Select

Execute => Correct

Execute => Array
(
    [0] => Array
        (
            [nombre] => Maquina Principal
        )

)


=====================================================

Connecting...

= Connection Correct =

Catalogo => relacion

=====================================================

Connecting...

Consulta Select

Execute => Correct

Execute => Array
(
    [0] => Array
        (
            [nombre] => 
            [Sub Equipos] => 
            [componentes] => 
        )

)


=====================================================

Connecting...

= Connection Correct =

=====================================================

Connecting...

===================================

Consulta INSERT/UPDATE/DELETE

Execute => Correct

=====================================================

Connecting...

= Connection Correct =

Catalogo => equipo

=====================================================

Connecting...
Error en la consulta: SQLSTATE[42S22]: Column not found: 1054 Unknown column 'eq.num_serie' in 'field list'
Execute => Incorrect

=====================================================

Connecting...

= Connection Correct =

Catalogo => subequipo

=====================================================

Connecting...
Error en la consulta: SQLSTATE[42S22]: Column not found: 1054 Unknown column 'seq.num_serie' in 'field list'
Execute => Incorrect

=====================================================

Connecting...

= Connection Correct =

Catalogo => componente

=====================================================

Connecting...

Consulta Select

Execute => Correct

Execute => Array
(
    [0] => Array
        (
            [nombre] => Componente 1
        )

    [1] => Array
        (
            [nombre] => 
        )

    [2] => Array
        (
            [nombre] => 
        )

    [3] => Array
        (
            [nombre] => 
        )

)


=====================================================

Connecting...

= Connection Correct =

Catalogo => clasificacion

=====================================================

Connecting...

Consulta Select

Execute => Correct

Execute => Array
(
    [0] => Array
        (
            [nombre] => Maquina Principal
        )

)


=====================================================

Connecting...

= Connection Correct =

Catalogo => relacion

=====================================================

Connecting...

Consulta Select

Execute => Correct

Execute => Array
(
    [0] => Array
        (
            [nombre] => 
            [Sub Equipos] => 
            [componentes] => 
        )

)


=====================================================

Connecting...

= Connection Correct =

=====================================================

Connecting...

===================================

Consulta INSERT/UPDATE/DELETE

Execute => Correct

=====================================================

Connecting...

= Connection Correct =

Catalogo => equipo

=====================================================

Connecting...
Error en la consulta: SQLSTATE[42S22]: Column not found: 1054 Unknown column 'eq.num_serie' in 'field list'
Execute => Incorrect

=====================================================

Connecting...

= Connection Correct =

Catalogo => subequipo

=====================================================

Connecting...
Error en la consulta: SQLSTATE[42S22]: Column not found: 1054 Unknown column 'seq.num_serie' in 'field list'
Execute => Incorrect

=====================================================

Connecting...

= Connection Correct =

Catalogo => componente

=====================================================

Connecting...

Consulta Select

Execute => Correct

Execute => Array
(
    [0] => Array
        (
            [nombre] => Componente 1
        )

    [1] => Array
        (
            [nombre] => 
        )

)


=====================================================

Connecting...

= Connection Correct =

Catalogo => clasificacion

=====================================================

Connecting...

Consulta Select

Execute => Correct

Execute => Array
(
    [0] => Array
        (
            [nombre] => Maquina Principal
        )

)


=====================================================

Connecting...

= Connection Correct =

Catalogo => relacion

=====================================================

Connecting...

Consulta Select

Execute => Correct

Execute => Array
(
    [0] => Array
        (
            [nombre] => 
            [Sub Equipos] => 
            [componentes] => 
        )

)


=====================================================

Connecting...

= Connection Correct =

Catalogo => equipo

=====================================================

Connecting...
Error en la consulta: SQLSTATE[42S22]: Column not found: 1054 Unknown column 'eq.num_serie' in 'field list'
Execute => Incorrect

=====================================================

Connecting...

= Connection Correct =

Catalogo => subequipo

=====================================================

Connecting...
Error en la consulta: SQLSTATE[42S22]: Column not found: 1054 Unknown column 'seq.num_serie' in 'field list'
Execute => Incorrect

=====================================================

Connecting...

= Connection Correct =

Catalogo => componente

=====================================================

Connecting...

Consulta Select

Execute => Correct

Execute => Array
(
    [0] => Array
        (
            [nombre] => Componente 1
        )

)


=====================================================

Connecting...

= Connection Correct =

Catalogo => clasificacion

=====================================================

Connecting...

Consulta Select

Execute => Correct

Execute => Array
(
    [0] => Array
        (
            [nombre] => Maquina Principal
        )

)


=====================================================

Connecting...

= Connection Correct =

Catalogo => relacion

=====================================================

Connecting...

Consulta Select

Execute => Correct

Execute => Array
(
    [0] => Array
        (
            [nombre] => 
            [Sub Equipos] => 
            [componentes] => 
        )

)


=====================================================

Connecting...

= Connection Correct =

Catalogo => equipo

=====================================================

Connecting...
Error en la consulta: SQLSTATE[42S22]: Column not found: 1054 Unknown column 'eq.num_serie' in 'field list'
Execute => Incorrect

=====================================================

Connecting...

= Connection Correct =

Catalogo => subequipo

=====================================================

Connecting...
Error en la consulta: SQLSTATE[42S22]: Column not found: 1054 Unknown column 'seq.num_serie' in 'field list'
Execute => Incorrect

=====================================================

Connecting...

= Connection Correct =

Catalogo => componente

=====================================================

Connecting...

Consulta Select

Execute => Correct

Execute => Array
(
    [0] => Array
        (
            [nombre] => Componente 1
        )

)


=====================================================

Connecting...

= Connection Correct =

Catalogo => clasificacion

=====================================================

Connecting...

Consulta Select

Execute => Correct

Execute => Array
(
    [0] => Array
        (
            [nombre] => Maquina Principal
        )

)


=====================================================

Connecting...

= Connection Correct =

Catalogo => relacion

=====================================================

Connecting...

Consulta Select

Execute => Correct

Execute => Array
(
    [0] => Array
        (
            [nombre] => 
            [Sub Equipos] => 
            [componentes] => 
        )

)


=====================================================

Connecting...

= Connection Correct =

Catalogo => equipo

=====================================================

Connecting...
Error en la consulta: SQLSTATE[42S22]: Column not found: 1054 Unknown column 'eq.num_serie' in 'field list'
Execute => Incorrect

=====================================================

Connecting...

= Connection Correct =

Catalogo => subequipo

=====================================================

Connecting...
Error en la consulta: SQLSTATE[42S22]: Column not found: 1054 Unknown column 'seq.num_serie' in 'field list'
Execute => Incorrect

=====================================================

Connecting...

= Connection Correct =

Catalogo => componente

=====================================================

Connecting...

Consulta Select

Execute => Correct

Execute => Array
(
    [0] => Array
        (
            [nombre] => Componente 1
        )

)


=====================================================

Connecting...

= Connection Correct =

Catalogo => clasificacion

=====================================================

Connecting...

Consulta Select

Execute => Correct

Execute => Array
(
    [0] => Array
        (
            [nombre] => Maquina Principal
        )

)


=====================================================

Connecting...

= Connection Correct =

Catalogo => relacion

=====================================================

Connecting...

Consulta Select

Execute => Correct

Execute => Array
(
    [0] => Array
        (
            [nombre] => 
            [Sub Equipos] => 
            [componentes] => 
        )

)


=====================================================

Connecting...

= Connection Correct =

=====================================================

Connecting...
Error en la consulta: SQLSTATE[42S22]: Column not found: 1054 Unknown column 'num_serie' in 'field list'
Execute => Incorrect

=====================================================

Connecting...

= Connection Correct =

Catalogo => equipo

=====================================================

Connecting...
Error en la consulta: SQLSTATE[42S22]: Column not found: 1054 Unknown column 'eq.num_serie' in 'field list'
Execute => Incorrect

=====================================================

Connecting...

= Connection Correct =

=====================================================

Connecting...
Error en la consulta: SQLSTATE[42S22]: Column not found: 1054 Unknown column 'num_serie' in 'field list'
Execute => Incorrect

=====================================================

Connecting...

= Connection Correct =

Catalogo => equipo

=====================================================

Connecting...
Error en la consulta: SQLSTATE[42S22]: Column not found: 1054 Unknown column 'eq.num_serie' in 'field list'
Execute => Incorrect

=====================================================

Connecting...

= Connection Correct =

=====================================================

Connecting...

===================================

Consulta INSERT/UPDATE/DELETE

Execute => Correct

=====================================================

Connecting...

= Connection Correct =

Catalogo => equipo

=====================================================

Connecting...

Consulta Select

Execute => Correct

Execute => Array
(
    [0] => Array
        (
            [Nombre] => Equipo 1
            [Num_Serie] => eq1
            [Clasificacion] => Maquina Principal
            [Componentes] => Componente 1
            [Ubicacion] => Zona1-Area1
        )

)


=====================================================

Connecting...

= Connection Correct =

=====================================================

Connecting...

===================================

Consulta INSERT/UPDATE/DELETE

Execute => Correct

=====================================================

Connecting...

= Connection Correct =

Catalogo => clasificacion

=====================================================

Connecting...

Consulta Select

Execute => Correct

Execute => Array
(
    [0] => Array
        (
            [nombre] => Maquina Principal
        )

    [1] => Array
        (
            [nombre] => Maquina Secundaria
        )

)


=====================================================

Connecting...

= Connection Correct =

=====================================================

Connecting...

===================================

Consulta INSERT/UPDATE/DELETE

Execute => Correct

=====================================================

Connecting...

= Connection Correct =

Catalogo => subequipo

=====================================================

Connecting...

Consulta Select

Execute => Correct

Execute => Array
(
    [0] => Array
        (
            [Nombre] => Sub Equipo 1
            [Num_Serie] => seq1
            [Clasificacion] => Maquina Principal
            [Componentes] => Componente 1
            [Ubicacion] => Zona1-Area1
        )

)


=====================================================

Connecting...

= Connection Correct =

Catalogo => equipo

=====================================================

Connecting...

Consulta Select

Execute => Correct

Execute => Array
(
    [0] => Array
        (
            [Nombre] => Equipo 1
            [Num_Serie] => eq1
            [Clasificacion] => Maquina Principal
            [Componentes] => Componente 1
            [Ubicacion] => Zona1-Area1
        )

)


=====================================================

Connecting...

= Connection Correct =

Catalogo => subequipo

=====================================================

Connecting...

Consulta Select

Execute => Correct

Execute => Array
(
    [0] => Array
        (
            [Nombre] => Sub Equipo 1
            [Num_Serie] => seq1
            [Clasificacion] => Maquina Principal
            [Componentes] => Componente 1
            [Ubicacion] => Zona1-Area1
        )

)


=====================================================

Connecting...

= Connection Correct =

Catalogo => componente

=====================================================

Connecting...

Consulta Select

Execute => Correct

Execute => Array
(
    [0] => Array
        (
            [nombre] => Componente 1
        )

)


=====================================================

Connecting...

= Connection Correct =

Catalogo => clasificacion

=====================================================

Connecting...

Consulta Select

Execute => Correct

Execute => Array
(
    [0] => Array
        (
            [nombre] => Maquina Principal
        )

    [1] => Array
        (
            [nombre] => Maquina Secundaria
        )

)


=====================================================

Connecting...

= Connection Correct =

Catalogo => relacion

=====================================================

Connecting...

Consulta Select

Execute => Correct

Execute => Array
(
    [0] => Array
        (
            [nombre] => 
            [Sub Equipos] => 
            [componentes] => 
        )

)


=====================================================

Connecting...

= Connection Correct =

equipo => 

subequipo => 

=====================================================

Connecting...
Error en la consulta: SQLSTATE[42000]: Syntax error or access violation: 1064 You have an error in your SQL syntax; check the manual that corresponds to your MariaDB server version for the right syntax to use near '' at line 3
Execute => Incorrect

=====================================================

Connecting...

= Connection Correct =

Catalogo => ubicacion

=====================================================

Connecting...

=====================================================

Connecting...

= Connection Correct =

equipo => 

subequipo => 

=====================================================

Connecting...
Error en la consulta: SQLSTATE[42000]: Syntax error or access violation: 1064 You have an error in your SQL syntax; check the manual that corresponds to your MariaDB server version for the right syntax to use near '' at line 3
Execute => Incorrect

=====================================================

Connecting...

= Connection Correct =

Catalogo => ubicacion

=====================================================

Connecting...

=====================================================

Connecting...

= Connection Correct =

Catalogo => equipo

=====================================================

Connecting...

Consulta Select

Execute => Correct

Execute => Array
(
    [0] => Array
        (
            [Nombre] => Equipo 1
            [Num_Serie] => eq1
            [Clasificacion] => Maquina Principal
            [Componentes] => Componente 1
            [Ubicacion] => Zona1-Area1
        )

)


=====================================================

Connecting...

= Connection Correct =

Catalogo => subequipo

=====================================================

Connecting...

Consulta Select

Execute => Correct

Execute => Array
(
    [0] => Array
        (
            [Nombre] => Sub Equipo 1
            [Num_Serie] => seq1
            [Clasificacion] => Maquina Principal
            [Componentes] => Componente 1
            [Ubicacion] => Zona1-Area1
        )

)


=====================================================

Connecting...

= Connection Correct =

Catalogo => componente

=====================================================

Connecting...

Consulta Select

Execute => Correct

Execute => Array
(
    [0] => Array
        (
            [nombre] => Componente 1
        )

)


=====================================================

Connecting...

= Connection Correct =

Catalogo => clasificacion

=====================================================

Connecting...

Consulta Select

Execute => Correct

Execute => Array
(
    [0] => Array
        (
            [nombre] => Maquina Principal
        )

    [1] => Array
        (
            [nombre] => Maquina Secundaria
        )

)


=====================================================

Connecting...

= Connection Correct =

Catalogo => relacion

=====================================================

Connecting...

Consulta Select

Execute => Correct

Execute => Array
(
    [0] => Array
        (
            [nombre] => 
            [Sub Equipos] => 
            [componentes] => 
        )

)


=====================================================

Connecting...

= Connection Correct =

equipo => 

subequipo => 

=====================================================

Connecting...
Error en la consulta: SQLSTATE[42000]: Syntax error or access violation: 1064 You have an error in your SQL syntax; check the manual that corresponds to your MariaDB server version for the right syntax to use near '' at line 3
Execute => Incorrect

=====================================================

Connecting...

= Connection Correct =

Catalogo => ubicacion

=====================================================

Connecting...

=====================================================

Connecting...

= Connection Correct =

equipo => Equipo 1

subequipo => Sub Equipo 1

=====================================================

Connecting...
Error en la consulta: SQLSTATE[42000]: Syntax error or access violation: 1064 You have an error in your SQL syntax; check the manual that corresponds to your MariaDB server version for the right syntax to use near '' at line 3
Execute => Incorrect

=====================================================

Connecting...

= Connection Correct =

Catalogo => ubicacion

=====================================================

Connecting...

=====================================================

Connecting...

= Connection Correct =

equipo => Equipo 1

subequipo => Sub Equipo 1

=====================================================

Connecting...

===================================

Consulta INSERT/UPDATE/DELETE

Execute => Correct

=====================================================

Connecting...

= Connection Correct =

Catalogo => ubicacion

=====================================================

Connecting...

=====================================================

Connecting...

= Connection Correct =

Catalogo => equipo

=====================================================

Connecting...

Consulta Select

Execute => Correct

Execute => Array
(
    [0] => Array
        (
            [Nombre] => Equipo 1
            [Num_Serie] => eq1
            [Clasificacion] => Maquina Principal
            [Componentes] => Componente 1
            [Ubicacion] => Zona1-Area1
        )

)


=====================================================

Connecting...

= Connection Correct =

Catalogo => subequipo

=====================================================

Connecting...

Consulta Select

Execute => Correct

Execute => Array
(
    [0] => Array
        (
            [Nombre] => Sub Equipo 1
            [Num_Serie] => seq1
            [Clasificacion] => Maquina Principal
            [Componentes] => Componente 1
            [Ubicacion] => Zona1-Area1
        )

)


=====================================================

Connecting...

= Connection Correct =

Catalogo => componente

=====================================================

Connecting...

Consulta Select

Execute => Correct

Execute => Array
(
    [0] => Array
        (
            [nombre] => Componente 1
        )

)


=====================================================

Connecting...

= Connection Correct =

Catalogo => clasificacion

=====================================================

Connecting...

Consulta Select

Execute => Correct

Execute => Array
(
    [0] => Array
        (
            [nombre] => Maquina Principal
        )

    [1] => Array
        (
            [nombre] => Maquina Secundaria
        )

)


=====================================================

Connecting...

= Connection Correct =

Catalogo => relacion

=====================================================

Connecting...

Consulta Select

Execute => Correct

Execute => Array
(
    [0] => Array
        (
            [nombre] => Equipo 1
            [Sub Equipos] => Sub Equipo 1
            [componentes] => Componente 1
        )

)


=====================================================

Connecting...

= Connection Correct =

=====================================================

Connecting...

===================================

Consulta INSERT/UPDATE/DELETE

Execute => Correct

=====================================================

Connecting...

= Connection Correct =

Catalogo => subequipo

=====================================================

Connecting...

Consulta Select

Execute => Correct

Execute => Array
(
    [0] => Array
        (
            [Nombre] => Sub Equipo 1
            [Num_Serie] => seq1
            [Clasificacion] => Maquina Principal
            [Componentes] => Componente 1
            [Ubicacion] => Zona1-Area1
        )

    [1] => Array
        (
            [Nombre] => Sub Equipo 2
            [Num_Serie] => seq2
            [Clasificacion] => Maquina Secundaria
            [Componentes] => Componente 1
            [Ubicacion] => Zona1-Area1
        )

)


=====================================================

Connecting...

= Connection Correct =

Catalogo => equipo

=====================================================

Connecting...

Consulta Select

Execute => Correct

Execute => Array
(
    [0] => Array
        (
            [Nombre] => Equipo 1
            [Num_Serie] => eq1
            [Clasificacion] => Maquina Principal
            [Componentes] => Componente 1
            [Ubicacion] => Zona1-Area1
        )

)


=====================================================

Connecting...

= Connection Correct =

Catalogo => subequipo

=====================================================

Connecting...

Consulta Select

Execute => Correct

Execute => Array
(
    [0] => Array
        (
            [Nombre] => Sub Equipo 1
            [Num_Serie] => seq1
            [Clasificacion] => Maquina Principal
            [Componentes] => Componente 1
            [Ubicacion] => Zona1-Area1
        )

    [1] => Array
        (
            [Nombre] => Sub Equipo 2
            [Num_Serie] => seq2
            [Clasificacion] => Maquina Secundaria
            [Componentes] => Componente 1
            [Ubicacion] => Zona1-Area1
        )

)


=====================================================

Connecting...

= Connection Correct =

Catalogo => componente

=====================================================

Connecting...

Consulta Select

Execute => Correct

Execute => Array
(
    [0] => Array
        (
            [nombre] => Componente 1
        )

)


=====================================================

Connecting...

= Connection Correct =

Catalogo => clasificacion

=====================================================

Connecting...

Consulta Select

Execute => Correct

Execute => Array
(
    [0] => Array
        (
            [nombre] => Maquina Principal
        )

    [1] => Array
        (
            [nombre] => Maquina Secundaria
        )

)


=====================================================

Connecting...

= Connection Correct =

Catalogo => relacion

=====================================================

Connecting...

Consulta Select

Execute => Correct

Execute => Array
(
    [0] => Array
        (
            [nombre] => Equipo 1
            [Sub Equipos] => Sub Equipo 1
            [componentes] => Componente 1
        )

)


=====================================================

Connecting...

= Connection Correct =

equipo => Equipo 1

subequipo => Sub Equipo 2

=====================================================

Connecting...

===================================

Consulta INSERT/UPDATE/DELETE

Execute => Correct

=====================================================

Connecting...

= Connection Correct =

Catalogo => ubicacion

=====================================================

Connecting...

=====================================================

Connecting...

= Connection Correct =

Catalogo => equipo

=====================================================

Connecting...

Consulta Select

Execute => Correct

Execute => Array
(
    [0] => Array
        (
            [Nombre] => Equipo 1
            [Num_Serie] => eq1
            [Clasificacion] => Maquina Principal
            [Componentes] => Componente 1
            [Ubicacion] => Zona1-Area1
        )

)


=====================================================

Connecting...

= Connection Correct =

Catalogo => subequipo

=====================================================

Connecting...

Consulta Select

Execute => Correct

Execute => Array
(
    [0] => Array
        (
            [Nombre] => Sub Equipo 1
            [Num_Serie] => seq1
            [Clasificacion] => Maquina Principal
            [Componentes] => Componente 1
            [Ubicacion] => Zona1-Area1
        )

    [1] => Array
        (
            [Nombre] => Sub Equipo 2
            [Num_Serie] => seq2
            [Clasificacion] => Maquina Secundaria
            [Componentes] => Componente 1
            [Ubicacion] => Zona1-Area1
        )

)


=====================================================

Connecting...

= Connection Correct =

Catalogo => componente

=====================================================

Connecting...

Consulta Select

Execute => Correct

Execute => Array
(
    [0] => Array
        (
            [nombre] => Componente 1
        )

)


=====================================================

Connecting...

= Connection Correct =

Catalogo => clasificacion

=====================================================

Connecting...

Consulta Select

Execute => Correct

Execute => Array
(
    [0] => Array
        (
            [nombre] => Maquina Principal
        )

    [1] => Array
        (
            [nombre] => Maquina Secundaria
        )

)


=====================================================

Connecting...

= Connection Correct =

Catalogo => relacion

=====================================================

Connecting...

Consulta Select

Execute => Correct

Execute => Array
(
    [0] => Array
        (
            [nombre] => Equipo 1
            [Sub Equipos] => Sub Equipo 1,Sub Equipo 2
            [componentes] => Componente 1
        )

)

