
=====================================================

Connecting...

= Connection Correct =

=====================================================

Connecting...

Consulta Select

Execute Correct => 

Array
(
    [0] => Array
        (
            [id] => 1
            [nombre] => Molino
        )

    [1] => Array
        (
            [id] => 2
            [nombre] => Silo
        )

    [2] => Array
        (
            [id] => 3
            [nombre] => Equipo 1
        )

    [3] => Array
        (
            [id] => 4
            [nombre] => Equipo 2
        )

    [4] => Array
        (
            [id] => 5
            [nombre] => Equipo 3
        )

)


=====================================================

Connecting...

= Connection Correct =

=====================================================

Connecting...

Consulta Select

Execute Correct => 

Array
(
    [0] => Array
        (
            [id] => 1
            [nombre] => Molino
            [componentes] => Sub1,Sub2,Sub3
        )

    [1] => Array
        (
            [id] => 2
            [nombre] => Silo
            [componentes] => Sub1,Sub2,Sub3
        )

    [2] => Array
        (
            [id] => 3
            [nombre] => SubEquipo 1
            [componentes] => Sub1
        )

    [3] => Array
        (
            [id] => 4
            [nombre] => Equipo 3
            [componentes] => Sub 2
        )

)


=====================================================

Connecting...

= Connection Correct =

=====================================================

Connecting...

Consulta Select

Execute Correct => 

Array
(
    [0] => Array
        (
            [id] => 1
            [nombre] => Molino
        )

    [1] => Array
        (
            [id] => 2
            [nombre] => Silo
        )

    [2] => Array
        (
            [id] => 3
            [nombre] => Equipo 1
        )

    [3] => Array
        (
            [id] => 4
            [nombre] => Equipo 2
        )

    [4] => Array
        (
            [id] => 5
            [nombre] => Equipo 3
        )

)


=====================================================

Connecting...

= Connection Correct =

=====================================================

Connecting...

Consulta Select

Execute Correct => 

Array
(
    [0] => Array
        (
            [id] => 1
            [nombre] => Molino
            [componentes] => Sub1,Sub2,Sub3
        )

    [1] => Array
        (
            [id] => 2
            [nombre] => Silo
            [componentes] => Sub1,Sub2,Sub3
        )

    [2] => Array
        (
            [id] => 3
            [nombre] => SubEquipo 1
            [componentes] => Sub1
        )

    [3] => Array
        (
            [id] => 4
            [nombre] => Equipo 3
            [componentes] => Sub 2
        )

)


=====================================================

Connecting...

= Connection Correct =

=====================================================

Connecting...

Consulta Select

Execute Correct => 

Array
(
    [0] => Array
        (
            [id] => 1
            [nombre] => Molino
        )

    [1] => Array
        (
            [id] => 2
            [nombre] => Silo
        )

    [2] => Array
        (
            [id] => 3
            [nombre] => Equipo 1
        )

    [3] => Array
        (
            [id] => 4
            [nombre] => Equipo 2
        )

    [4] => Array
        (
            [id] => 5
            [nombre] => Equipo 3
        )

)


=====================================================

Connecting...

= Connection Correct =

=====================================================

Connecting...

Consulta Select

Execute Correct => 

Array
(
    [0] => Array
        (
            [id] => 1
            [nombre] => Molino
            [componentes] => Sub1,Sub2,Sub3
        )

    [1] => Array
        (
            [id] => 2
            [nombre] => Silo
            [componentes] => Sub1,Sub2,Sub3
        )

    [2] => Array
        (
            [id] => 3
            [nombre] => SubEquipo 1
            [componentes] => Sub1
        )

    [3] => Array
        (
            [id] => 4
            [nombre] => Equipo 3
            [componentes] => Sub 2
        )

)

